<?xml version="1.0" encoding="UTF-8"?>
<!-- Generated by org.testng.reporters.JUnitReportReporter -->
<testsuite hostname="DESKTOP-H706BJI" failures="0" tests="1" name="cts.testing.practice.ExtentReportDemo1" time="1.850" errors="0" timestamp="2020-03-28T12:19:44 IST" skipped="0">
  <testcase classname="cts.testing.practice.ExtentReportDemo1" name="loginTest" time="1.850"/>
  <system-out/>
</testsuite> <!-- cts.testing.practice.ExtentReportDemo1 -->
