<?xml version="1.0" encoding="UTF-8"?>
<!-- Generated by org.testng.reporters.JUnitReportReporter -->
<testsuite hostname="DESKTOP-H706BJI" failures="0" tests="1" name="cts.testing.practice.LoginScript" time="310.032" errors="0" timestamp="2020-03-25T17:17:11 IST" skipped="0">
  <testcase classname="cts.testing.practice.LoginScript" name="loginToApplication" time="310.032"/>
  <system-out/>
</testsuite> <!-- cts.testing.practice.LoginScript -->
