<?xml version="1.0" encoding="UTF-8"?>
<!-- Generated by org.testng.reporters.JUnitReportReporter -->
<testsuite hostname="DESKTOP-H706BJI" failures="0" tests="1" name="cts.testing.practice.Extentreportdemo" time="2.332" errors="0" timestamp="2020-03-28T11:08:46 IST" skipped="0">
  <testcase classname="cts.testing.practice.Extentreportdemo" name="loginTest" time="2.332"/>
  <system-out/>
</testsuite> <!-- cts.testing.practice.Extentreportdemo -->
