<?xml version="1.0" encoding="UTF-8"?>
<!-- Generated by org.testng.reporters.JUnitReportReporter -->
<testsuite hostname="DESKTOP-H706BJI" failures="0" tests="2" name="cts.testing.practice.TestSeleniumInChrome" time="0.016" errors="1" timestamp="2020-03-25T15:30:57 IST" skipped="1">
  <testcase classname="cts.testing.practice.TestSeleniumInChrome" name="testchrome" time="0.000">
    <skipped/>
  </testcase> <!-- testchrome -->
  <system-out/>
  <testcase classname="cts.testing.practice.TestSeleniumInChrome" name="setup" time="0.016">
    <error message="Unresolved compilation problems: 
	Syntax error on token &quot;class&quot;, @ expected
	Syntax error, insert &quot;}&quot; to complete Block
	Syntax error on token &quot;public&quot;, @ expected after this token
	Syntax error, insert &quot;enum Identifier&quot; to complete EnumHeader
	Syntax error on token &quot;}&quot;, ; expected
	Syntax error on token &quot;}&quot;, delete this token
" type="java.lang.Error">
      <![CDATA[java.lang.Error: Unresolved compilation problems: 
Syntax error on token "class", @ expected
Syntax error, insert "}" to complete Block
Syntax error on token "public", @ expected after this token
Syntax error, insert "enum Identifier" to complete EnumHeader
Syntax error on token "}", ; expected
Syntax error on token "}", delete this token

at cts.testing.practice.ConfigReader.<init>(ConfigReader.java:7)
at cts.testing.practice.TestSeleniumInChrome.setup(TestSeleniumInChrome.java:12)
at java.base/jdk.internal.reflect.NativeMethodAccessorImpl.invoke0(Native Method)
at java.base/jdk.internal.reflect.NativeMethodAccessorImpl.invoke(NativeMethodAccessorImpl.java:62)
at java.base/jdk.internal.reflect.DelegatingMethodAccessorImpl.invoke(DelegatingMethodAccessorImpl.java:43)
at java.base/java.lang.reflect.Method.invoke(Method.java:567)
at org.testng.internal.MethodInvocationHelper.invokeMethod(MethodInvocationHelper.java:134)
at org.testng.internal.MethodInvocationHelper.invokeMethodConsideringTimeout(MethodInvocationHelper.java:63)
at org.testng.internal.ConfigInvoker.invokeConfigurationMethod(ConfigInvoker.java:348)
at org.testng.internal.ConfigInvoker.invokeConfigurations(ConfigInvoker.java:302)
at org.testng.TestRunner.invokeTestConfigurations(TestRunner.java:619)
at org.testng.TestRunner.beforeRun(TestRunner.java:609)
at org.testng.TestRunner.run(TestRunner.java:580)
at org.testng.SuiteRunner.runTest(SuiteRunner.java:384)
at org.testng.SuiteRunner.runSequentially(SuiteRunner.java:378)
at org.testng.SuiteRunner.privateRun(SuiteRunner.java:337)
at org.testng.SuiteRunner.run(SuiteRunner.java:286)
at org.testng.SuiteRunnerWorker.runSuite(SuiteRunnerWorker.java:53)
at org.testng.SuiteRunnerWorker.run(SuiteRunnerWorker.java:96)
at org.testng.TestNG.runSuitesSequentially(TestNG.java:1187)
at org.testng.TestNG.runSuitesLocally(TestNG.java:1109)
at org.testng.TestNG.runSuites(TestNG.java:1039)
at org.testng.TestNG.run(TestNG.java:1007)
at org.testng.remote.AbstractRemoteTestNG.run(AbstractRemoteTestNG.java:115)
at org.testng.remote.RemoteTestNG.initAndRun(RemoteTestNG.java:251)
at org.testng.remote.RemoteTestNG.main(RemoteTestNG.java:77)
]]>
    </error>
  </testcase> <!-- setup -->
  <system-out/>
</testsuite> <!-- cts.testing.practice.TestSeleniumInChrome -->
