<?xml version="1.0" encoding="UTF-8"?>
<!-- Generated by org.testng.reporters.JUnitReportReporter -->
<testsuite hostname="DESKTOP-H706BJI" failures="0" tests="8" name="cts.testing.practice.Display" time="0.040" errors="0" timestamp="2020-03-25T08:11:47 IST" skipped="0">
  <testcase classname="cts.testing.practice.Display" name="customer2" time="0.003"/>
  <system-out/>
  <testcase classname="cts.testing.practice.Display" name="customer1" time="0.002"/>
  <system-out/>
  <testcase classname="cts.testing.practice.Display" name="vendor2" time="0.004"/>
  <system-out/>
  <testcase classname="cts.testing.practice.Display" name="vendor3" time="0.005"/>
  <system-out/>
  <testcase classname="cts.testing.practice.Display" name="admin2" time="0.003"/>
  <system-out/>
  <testcase classname="cts.testing.practice.Display" name="admin1" time="0.016"/>
  <system-out/>
  <testcase classname="cts.testing.practice.Display" name="vendor1" time="0.004"/>
  <system-out/>
  <testcase classname="cts.testing.practice.Display" name="customer3" time="0.003"/>
  <system-out/>
</testsuite> <!-- cts.testing.practice.Display -->
