<?xml version="1.0" encoding="UTF-8"?>
<!-- Generated by org.testng.reporters.JUnitReportReporter -->
<testsuite hostname="DESKTOP-H706BJI" failures="0" tests="3" name="cts.testing.practice.parallel1" time="0.018" errors="0" timestamp="2020-03-24T21:58:43 IST" skipped="0">
  <testcase classname="cts.testing.practice.parallel1" name="testcase1" time="0.011"/>
  <system-out/>
  <testcase classname="cts.testing.practice.parallel1" name="testcase2" time="0.003"/>
  <system-out/>
  <testcase classname="cts.testing.practice.parallel1" name="testcase3" time="0.004"/>
  <system-out/>
</testsuite> <!-- cts.testing.practice.parallel1 -->
