<?xml version="1.0" encoding="UTF-8"?>
<!-- Generated by org.testng.reporters.JUnitReportReporter -->
<testsuite hostname="DESKTOP-H706BJI" failures="0" tests="1" name="cts.testing.practice.ExtentReport" time="1.543" errors="0" timestamp="2020-03-28T10:34:35 IST" skipped="0">
  <testcase classname="cts.testing.practice.ExtentReport" name="loginTest" time="1.543"/>
  <system-out/>
</testsuite> <!-- cts.testing.practice.ExtentReport -->
