<?xml version="1.0" encoding="UTF-8"?>
<!-- Generated by org.testng.reporters.JUnitReportReporter -->
<testsuite hostname="DESKTOP-H706BJI" failures="0" tests="3" name="cts.testing.practice.Parallel2" time="0.023" errors="0" timestamp="2020-03-24T21:59:03 IST" skipped="0">
  <testcase classname="cts.testing.practice.Parallel2" name="testcase4" time="0.013"/>
  <system-out/>
  <testcase classname="cts.testing.practice.Parallel2" name="testcase5" time="0.005"/>
  <system-out/>
  <testcase classname="cts.testing.practice.Parallel2" name="testcase6" time="0.005"/>
  <system-out/>
</testsuite> <!-- cts.testing.practice.Parallel2 -->
