<?xml version="1.0" encoding="UTF-8"?>
<!-- Generated by org.testng.reporters.JUnitReportReporter -->
<testsuite hostname="DESKTOP-H706BJI" failures="0" tests="1" name="cts.miniproject.test.VerifyWordpressLogin" time="46.450" errors="0" timestamp="2020-03-26T14:33:48 IST" skipped="0">
  <testcase classname="cts.miniproject.test.VerifyWordpressLogin" name="verifyValidLogin" time="46.450"/>
  <system-out/>
</testsuite> <!-- cts.miniproject.test.VerifyWordpressLogin -->
