<?xml version="1.0" encoding="UTF-8"?>
<!-- Generated by org.testng.reporters.JUnitReportReporter -->
<testsuite hostname="DESKTOP-H706BJI" failures="0" tests="1" name="cts.miniproject.test.VerifyWordpressLoginPageFactory" time="20.430" errors="0" timestamp="2020-03-26T14:37:16 IST" skipped="0">
  <testcase classname="cts.miniproject.test.VerifyWordpressLoginPageFactory" name="checkValidUser" time="20.430"/>
  <system-out/>
</testsuite> <!-- cts.miniproject.test.VerifyWordpressLoginPageFactory -->
